<?xml version="1.0" encoding="UTF-8"?>
<testsuite xmlns:xsi="http://www.w3.org/2001/XMLSchema-instance" xsi:noNamespaceSchemaLocation="https://maven.apache.org/surefire/maven-surefire-plugin/xsd/surefire-test-report-3.0.xsd" version="3.0" name="testcase.BaiThucHanh04Test_Issue2" time="0.099" tests="28" errors="0" skipped="0" failures="0">
  <properties>
[...]
</properties>
  <testcase name="testUCLN_bZero_ngoaiLe" classname="testcase.BaiThucHanh04Test_Issue2" time="0.003"/>
  <testcase name="testPhuongTrinh_aBang0_khongPhaiBac2" classname="testcase.BaiThucHanh04Test_Issue2" time="0.001"/>
  <testcase name="testTongS_soZero_ngoaiLe" classname="testcase.BaiThucHanh04Test_Issue2" time="0.002"/>
  <testcase name="testUCLN_aZero_ngoaiLe" classname="testcase.BaiThucHanh04Test_Issue2" time="0.002"/>
  <testcase name="testUCLN_soAm_vanChayDung" classname="testcase.BaiThucHanh04Test_Issue2" time="0.002"/>
  <testcase name="testDienTichHCN_daiAm_ngoaiLe" classname="testcase.BaiThucHanh04Test_Issue2" time="0.002"/>
  <testcase name="testSoNgay_thang0_ngoaiLe" classname="testcase.BaiThucHanh04Test_Issue2" time="0.002"/>
  <testcase name="testTongS_soAm_ngoaiLe" classname="testcase.BaiThucHanh04Test_Issue2" time="0.002"/>
  <testcase name="testTongGiaiThua_zero_ngoaiLe" classname="testcase.BaiThucHanh04Test_Issue2" time="0.005"/>
  <testcase name="testSoNgay_namZero_ngoaiLe" classname="testcase.BaiThucHanh04Test_Issue2" time="0.002"/>
  <testcase name="testSoNguyenTo_soAm" classname="testcase.BaiThucHanh04Test_Issue2" time="0.001"/>
  <testcase name="testSoNguyenTo_so0" classname="testcase.BaiThucHanh04Test_Issue2" time="0.002"/>
  <testcase name="testSoNguyenTo_so1" classname="testcase.BaiThucHanh04Test_Issue2" time="0.002"/>
  <testcase name="testChuViHCN_daiZero_ngoaiLe" classname="testcase.BaiThucHanh04Test_Issue2" time="0.002"/>
  <testcase name="testSoNgay_thang13_ngoaiLe" classname="testcase.BaiThucHanh04Test_Issue2" time="0.002"/>
  <testcase name="testTongGiaiThua_bien_n1" classname="testcase.BaiThucHanh04Test_Issue2" time="0.001"/>
  <testcase name="testSoNgay_namAm_ngoaiLe" classname="testcase.BaiThucHanh04Test_Issue2" time="0.002"/>
  <testcase name="testChuViHCN_daiAm_ngoaiLe" classname="testcase.BaiThucHanh04Test_Issue2" time="0.001"/>
  <testcase name="testNamNhuan_khongChia4" classname="testcase.BaiThucHanh04Test_Issue2" time="0.003"/>
  <testcase name="testDienTichHCN_rongAm_ngoaiLe" classname="testcase.BaiThucHanh04Test_Issue2" time="0.001"/>
  <testcase name="testGiaiThua_soAm_ngoaiLe" classname="testcase.BaiThucHanh04Test_Issue2" time="0.002"/>
  <testcase name="testChuViHCN_rongAm_ngoaiLe" classname="testcase.BaiThucHanh04Test_Issue2" time="0.002"/>
  <testcase name="testUCLN_caTwoAm" classname="testcase.BaiThucHanh04Test_Issue2" time="0.001"/>
  <testcase name="testDienTichHCN_zero_ngoaiLe" classname="testcase.BaiThucHanh04Test_Issue2" time="0.004"/>
  <testcase name="testKhongNguyenTo_binh_phuong" classname="testcase.BaiThucHanh04Test_Issue2" time="0.002"/>
  <testcase name="testChuViHCN_rongZero_ngoaiLe" classname="testcase.BaiThucHanh04Test_Issue2" time="0.003"/>
  <testcase name="testKhongNguyenTo_soChan" classname="testcase.BaiThucHanh04Test_Issue2" time="0.001"/>
  <testcase name="testTongGiaiThua_soAm_ngoaiLe" classname="testcase.BaiThucHanh04Test_Issue2" time="0.004"/>
</testsuite>