<?xml version="1.0" encoding="UTF-8"?>
<testsuite xmlns:xsi="http://www.w3.org/2001/XMLSchema-instance" xsi:noNamespaceSchemaLocation="https://maven.apache.org/surefire/maven-surefire-plugin/xsd/surefire-test-report-3.0.xsd" version="3.0" name="testcase.BaiThucHanh04Test_Issue1" time="0.215" tests="33" errors="0" skipped="0" failures="0">
  <properties>
[...]
</properties>
  <testcase name="testPhuongTrinh_voNghiem" classname="testcase.BaiThucHanh04Test_Issue1" time="0.062"/>
  <testcase name="testSoNguyenTo_2" classname="testcase.BaiThucHanh04Test_Issue1" time="0.003"/>
  <testcase name="testSoNguyenTo_7" classname="testcase.BaiThucHanh04Test_Issue1" time="0.002"/>
  <testcase name="testTongGiaiThua_n1" classname="testcase.BaiThucHanh04Test_Issue1" time="0.002"/>
  <testcase name="testTongGiaiThua_n3" classname="testcase.BaiThucHanh04Test_Issue1" time="0.001"/>
  <testcase name="testTongGiaiThua_n4" classname="testcase.BaiThucHanh04Test_Issue1" time="0.002"/>
  <testcase name="testGiaiThua_0" classname="testcase.BaiThucHanh04Test_Issue1" time="0.0"/>
  <testcase name="testGiaiThua_1" classname="testcase.BaiThucHanh04Test_Issue1" time="0.002"/>
  <testcase name="testGiaiThua_5" classname="testcase.BaiThucHanh04Test_Issue1" time="0.002"/>
  <testcase name="testUCLN_bangNhau" classname="testcase.BaiThucHanh04Test_Issue1" time="0.001"/>
  <testcase name="testSoNgay_thang30" classname="testcase.BaiThucHanh04Test_Issue1" time="0.001"/>
  <testcase name="testSoNgay_thang31" classname="testcase.BaiThucHanh04Test_Issue1" time="0.002"/>
  <testcase name="testNamNhuan_chia400" classname="testcase.BaiThucHanh04Test_Issue1" time="0.001"/>
  <testcase name="testSoNgay_thang2_namNhuan" classname="testcase.BaiThucHanh04Test_Issue1" time="0.002"/>
  <testcase name="testDienTichHCN_hopLe_soThapPhan" classname="testcase.BaiThucHanh04Test_Issue1" time="0.001"/>
  <testcase name="testUCLN_nguyenTo" classname="testcase.BaiThucHanh04Test_Issue1" time="0.001"/>
  <testcase name="testUCLN_soLon" classname="testcase.BaiThucHanh04Test_Issue1" time="0.001"/>
  <testcase name="testTongS_n1" classname="testcase.BaiThucHanh04Test_Issue1" time="0.002"/>
  <testcase name="testTongS_n2" classname="testcase.BaiThucHanh04Test_Issue1" time="0.001"/>
  <testcase name="testTongS_n4" classname="testcase.BaiThucHanh04Test_Issue1" time="0.001"/>
  <testcase name="testTongS_n5" classname="testcase.BaiThucHanh04Test_Issue1" time="0.001"/>
  <testcase name="testDienTichHCN_hopLe_soNguyen" classname="testcase.BaiThucHanh04Test_Issue1" time="0.002"/>
  <testcase name="testChuViHCN_hopLe_soNguyen" classname="testcase.BaiThucHanh04Test_Issue1" time="0.002"/>
  <testcase name="testPhuongTrinh_haiNghiemPhanBiet" classname="testcase.BaiThucHanh04Test_Issue1" time="0.015"/>
  <testcase name="testSoNguyenTo_13" classname="testcase.BaiThucHanh04Test_Issue1" time="0.0"/>
  <testcase name="testSoNgay_thang2_khongNhuan" classname="testcase.BaiThucHanh04Test_Issue1" time="0.001"/>
  <testcase name="testChuViHCN_hopLe_soThapPhan" classname="testcase.BaiThucHanh04Test_Issue1" time="0.001"/>
  <testcase name="testNamNhuan_chia4_khong100" classname="testcase.BaiThucHanh04Test_Issue1" time="0.001"/>
  <testcase name="testKhongNguyenTo_4" classname="testcase.BaiThucHanh04Test_Issue1" time="0.002"/>
  <testcase name="testKhongNguyenTo_9" classname="testcase.BaiThucHanh04Test_Issue1" time="0.002"/>
  <testcase name="testPhuongTrinh_nghiemKep" classname="testcase.BaiThucHanh04Test_Issue1" time="0.005"/>
  <testcase name="testKhongNhuan_chia100_khong400" classname="testcase.BaiThucHanh04Test_Issue1" time="0.001"/>
  <testcase name="testUCLN_12_8" classname="testcase.BaiThucHanh04Test_Issue1" time="0.001"/>
</testsuite>